proguard/seeds.txt
com.pavkoo.franklin.FinishActivity
com.pavkoo.franklin.FinishActivity: FinishActivity()
com.pavkoo.franklin.MainActivity
com.pavkoo.franklin.MainActivity: MainActivity()
com.pavkoo.franklin.MainActivity$ViewState: com.pavkoo.franklin.MainActivity$ViewState[] values()
com.pavkoo.franklin.MainActivity$ViewState: com.pavkoo.franklin.MainActivity$ViewState valueOf(java.lang.String)
com.pavkoo.franklin.ParentActivity: ParentActivity()
com.pavkoo.franklin.R$anim: int dialog_enter
com.pavkoo.franklin.R$anim: int dialog_exit
com.pavkoo.franklin.R$anim: int home_button
com.pavkoo.franklin.R$anim: int home_button_slide_in
com.pavkoo.franklin.R$anim: int indicator_scale
com.pavkoo.franklin.R$anim: int main_content
com.pavkoo.franklin.R$anim: int main_content_item
com.pavkoo.franklin.R$anim: int main_content_item_in
com.pavkoo.franklin.R$anim: int main_content_item_out
com.pavkoo.franklin.R$anim: int main_content_item_reverse
com.pavkoo.franklin.R$anim: int main_content_top_to_down
com.pavkoo.franklin.R$anim: int push_left_in
com.pavkoo.franklin.R$anim: int push_left_out
com.pavkoo.franklin.R$anim: int setting_add_expand
com.pavkoo.franklin.R$anim: int setting_cycle_scale
com.pavkoo.franklin.R$anim: int shake
com.pavkoo.franklin.R$anim: int shake_cycle
com.pavkoo.franklin.R$anim: int slide_in_right
com.pavkoo.franklin.R$anim: int slide_out_left
com.pavkoo.franklin.R$anim: int today_bg_scale
com.pavkoo.franklin.R$anim: int today_init
com.pavkoo.franklin.R$anim: int today_init_item
com.pavkoo.franklin.R$anim: int today_popup_init
com.pavkoo.franklin.R$anim: int today_popup_init_right_to_left
com.pavkoo.franklin.R$anim: int today_rotate
com.pavkoo.franklin.R$anim: int zoom_in
com.pavkoo.franklin.R$attr: int click_remove_id
com.pavkoo.franklin.R$attr: int collapsed_height
com.pavkoo.franklin.R$attr: int drag_enabled
com.pavkoo.franklin.R$attr: int drag_handle_id
com.pavkoo.franklin.R$attr: int drag_scroll_start
com.pavkoo.franklin.R$attr: int drag_start_mode
com.pavkoo.franklin.R$attr: int drop_animation_duration
com.pavkoo.franklin.R$attr: int fling_handle_id
com.pavkoo.franklin.R$attr: int float_alpha
com.pavkoo.franklin.R$attr: int float_background_color
com.pavkoo.franklin.R$attr: int max_drag_scroll_speed
com.pavkoo.franklin.R$attr: int remove_animation_duration
com.pavkoo.franklin.R$attr: int remove_enabled
com.pavkoo.franklin.R$attr: int remove_mode
com.pavkoo.franklin.R$attr: int slide_shuffle_speed
com.pavkoo.franklin.R$attr: int sort_enabled
com.pavkoo.franklin.R$attr: int track_drag_sort
com.pavkoo.franklin.R$attr: int use_default_controller
com.pavkoo.franklin.R$color: int white_app_bg_darkgray
com.pavkoo.franklin.R$color: int white_app_bg_division_line
com.pavkoo.franklin.R$color: int white_app_bg_popup_content
com.pavkoo.franklin.R$color: int white_app_bg_popup_title
com.pavkoo.franklin.R$color: int white_app_bg_primary
com.pavkoo.franklin.R$color: int white_app_bg_secondary
com.pavkoo.franklin.R$color: int white_app_bg_white
com.pavkoo.franklin.R$color: int white_app_error
com.pavkoo.franklin.R$color: int white_app_error_pressed
com.pavkoo.franklin.R$color: int white_app_primary
com.pavkoo.franklin.R$color: int white_app_reportbg
com.pavkoo.franklin.R$color: int white_app_sea
com.pavkoo.franklin.R$color: int white_app_secondary
com.pavkoo.franklin.R$color: int white_app_text_smail
com.pavkoo.franklin.R$color: int white_app_txt_black
com.pavkoo.franklin.R$color: int white_app_txt_gray
com.pavkoo.franklin.R$color: int white_app_txt_gray_light
com.pavkoo.franklin.R$color: int white_app_txt_gray_light_light
com.pavkoo.franklin.R$color: int white_app_txt_green
com.pavkoo.franklin.R$color: int white_app_txt_reportTitle
com.pavkoo.franklin.R$color: int white_app_txt_white
com.pavkoo.franklin.R$color: int white_app_warning
com.pavkoo.franklin.R$color: int white_app_warning_pressed
...
android.support.v4.widget.DrawerLayout: void setScrimColor(int)
android.support.v4.widget.DrawerLayout: void setDrawerListener(android.support.v4.widget.DrawerLayout$DrawerListener)
android.support.v4.widget.DrawerLayout: void setDrawerLockMode(int)
android.support.v4.widget.DrawerLayout$SavedState
android.support.v4.widget.DrawerLayout$SavedState: android.os.Parcelable$Creator CREATOR
android.support.v4.widget.SlidingPaneLayout: void setParallaxDistance(int)
android.support.v4.widget.SlidingPaneLayout: int getParallaxDistance()
android.support.v4.widget.SlidingPaneLayout: void setSliderFadeColor(int)
android.support.v4.widget.SlidingPaneLayout: int getSliderFadeColor()
android.support.v4.widget.SlidingPaneLayout: void setCoveredFadeColor(int)
android.support.v4.widget.SlidingPaneLayout: int getCoveredFadeColor()
android.support.v4.widget.SlidingPaneLayout: void setPanelSlideListener(android.support.v4.widget.SlidingPaneLayout$PanelSlideListener)
android.support.v4.widget.SlidingPaneLayout: void setShadowDrawable(android.graphics.drawable.Drawable)
android.support.v4.widget.SlidingPaneLayout: void setShadowResource(int)
android.support.v4.widget.SlidingPaneLayout$SavedState
android.support.v4.widget.SlidingPaneLayout$SavedState: android.os.Parcelable$Creator CREATOR
com.mobeta.android.dslv.DragSortItemView: void setGravity(int)
com.mobeta.android.dslv.DragSortItemView: int getGravity()
com.mobeta.android.dslv.DragSortItemViewCheckable: void setChecked(boolean)
com.mobeta.android.dslv.DragSortListView
com.mobeta.android.dslv.DragSortListView: DragSortListView(android.content.Context,android.util.AttributeSet)
com.mobeta.android.dslv.DragSortListView: void setFloatAlpha(float)
com.mobeta.android.dslv.DragSortListView: float getFloatAlpha()
com.mobeta.android.dslv.DragSortListView: void setMaxScrollSpeed(float)
com.mobeta.android.dslv.DragSortListView: void setAdapter(android.widget.ListAdapter)
com.mobeta.android.dslv.DragSortListView: android.widget.ListAdapter getInputAdapter()
com.mobeta.android.dslv.DragSortListView: void setDragScrollStart(float)
com.mobeta.android.dslv.DragSortListView: void setFloatViewManager(com.mobeta.android.dslv.DragSortListView$FloatViewManager)
com.mobeta.android.dslv.DragSortListView: void setDragListener(com.mobeta.android.dslv.DragSortListView$DragListener)
com.mobeta.android.dslv.DragSortListView: void setDragEnabled(boolean)
com.mobeta.android.dslv.DragSortListView: void setDropListener(com.mobeta.android.dslv.DragSortListView$DropListener)
com.mobeta.android.dslv.DragSortListView: void setRemoveListener(com.mobeta.android.dslv.DragSortListView$RemoveListener)
com.mobeta.android.dslv.DragSortListView: void setDragSortListener(com.mobeta.android.dslv.DragSortListView$DragSortListener)
com.mobeta.android.dslv.DragSortListView: void setDragScrollProfile(com.mobeta.android.dslv.DragSortListView$DragScrollProfile)
com.mobeta.android.dslv.R$attr: int click_remove_id
com.mobeta.android.dslv.R$attr: int collapsed_height
com.mobeta.android.dslv.R$attr: int drag_enabled
com.mobeta.android.dslv.R$attr: int drag_handle_id
com.mobeta.android.dslv.R$attr: int drag_scroll_start
com.mobeta.android.dslv.R$attr: int drag_start_mode
com.mobeta.android.dslv.R$attr: int drop_animation_duration
com.mobeta.android.dslv.R$attr: int fling_handle_id
com.mobeta.android.dslv.R$attr: int float_alpha
com.mobeta.android.dslv.R$attr: int float_background_color
com.mobeta.android.dslv.R$attr: int max_drag_scroll_speed
com.mobeta.android.dslv.R$attr: int remove_animation_duration
com.mobeta.android.dslv.R$attr: int remove_enabled
com.mobeta.android.dslv.R$attr: int remove_mode
com.mobeta.android.dslv.R$attr: int slide_shuffle_speed
com.mobeta.android.dslv.R$attr: int sort_enabled
com.mobeta.android.dslv.R$attr: int track_drag_sort
com.mobeta.android.dslv.R$attr: int use_default_controller