proguard/mapping.txt
com.pavkoo.franklin.FinishActivity -> com.pavkoo.franklin.FinishActivity:
    android.widget.LinearLayout llFinishVictory -> a
    android.widget.ImageView ivFinishDone -> b
    android.widget.TextView tvFinishStore -> c
    android.widget.TextView tvFinishModify -> d
    android.widget.TextView tvFinishShare -> e
    void initView() -> a
    void initViewEvent() -> b
com.pavkoo.franklin.FinishActivity$1 -> com.pavkoo.franklin.a:
    com.pavkoo.franklin.FinishActivity this$0 -> a
    void onClick(android.view.View) -> onClick
com.pavkoo.franklin.FinishActivity$2 -> com.pavkoo.franklin.b:
    com.pavkoo.franklin.FinishActivity this$0 -> a
    void onClick(android.view.View) -> onClick
com.pavkoo.franklin.FinishActivity$3 -> com.pavkoo.franklin.c:
    com.pavkoo.franklin.FinishActivity this$0 -> a
    void onClick(android.view.View) -> onClick
com.pavkoo.franklin.MainActivity -> com.pavkoo.franklin.MainActivity:
    java.lang.String[] colors -> a
    com.pavkoo.franklin.controls.CyclePager cycleContent -> b
    android.widget.LinearLayout llCycleToday -> c
    android.widget.LinearLayout llCycleReport -> d
    android.widget.LinearLayout llCycleComments -> e
    android.widget.LinearLayout llTitle -> f
    android.view.View viewIndicatiorLeft -> g
    android.view.View viewIndicatiorCenter -> h
    android.view.View viewIndicatiorRight -> i
    com.pavkoo.franklin.MainActivity$ViewState viewState -> j
    android.widget.TableRow trHomeToolBar -> k
    android.widget.ImageView ivHome -> l
    android.widget.ImageView ivCommentNomore -> m
    android.widget.TextView tvMainTitleDescrible -> n
    com.pavkoo.franklin.controls.ScrollingTextView tvMainTitleMotto -> o
    android.widget.TextView tvMainTitle -> p
    android.widget.TextView tvMainDate -> q
    com.pavkoo.franklin.controls.PredicateLayout grpReview -> r
    android.widget.ListView lvComment -> s
    android.widget.ViewFlipper vfMainFlopper -> t
    android.widget.TextView tvMainTime -> u
    android.widget.TextView tvMainTimeHide -> v
    android.widget.TextView tvCycleReprotAppCount -> w
    android.widget.TextView tvCycleReportUserCheckedCount -> x
    android.widget.TextView tvCycleHistoryTitle -> y
    android.widget.TextView tvCycleCommentTitle -> z
    android.widget.TextView txtSetting -> A
    android.widget.TextView txtContactMe -> B
com.pavkoo.franklin.MainActivity$1 -> com.pavkoo.franklin.d:
    com.pavkoo.franklin.MainActivity this$0 -> a
    void onClick(android.view.View) -> onClick
com.pavkoo.franklin.MainActivity$10 -> com.pavkoo.franklin.e:
    com.pavkoo.franklin.MainActivity this$0 -> a
    void onClick(android.view.View) -> onClick
com.pavkoo.franklin.MainActivity$11 -> com.pavkoo.franklin.f:
    com.pavkoo.franklin.MainActivity this$0 -> a
    boolean onLongClick(android.view.View) -> onLongClick
com.pavkoo.franklin.MainActivity$2 -> com.pavkoo.franklin.g:
    com.pavkoo.franklin.MainActivity this$0 -> a
    void onClick(android.view.View) -> onClick
com.pavkoo.franklin.MainActivity$3 -> com.pavkoo.franklin.h:
    com.pavkoo.franklin.MainActivity this$0 -> a
    void onClick(android.view.View) -> onClick
com.pavkoo.franklin.MainActivity$4 -> com.pavkoo.franklin.i:
    com.pavkoo.franklin.MainActivity this$0 -> a
    void onClick(android.view.View) -> onClick
com.pavkoo.franklin.MainActivity$5 -> com.pavkoo.franklin.j:
    com.pavkoo.franklin.MainActivity this$0 -> a
    void onClick(android.view.View) -> onClick
com.pavkoo.franklin.MainActivity$6 -> com.pavkoo.franklin.k:
    com.pavkoo.franklin.MainActivity this$0 -> a
    int[] $SWITCH_TABLE$com$pavkoo$franklin$MainActivity$ViewState -> b
    void onClick(android.view.View) -> onClick
    int[] $SWITCH_TABLE$com$pavkoo$franklin$MainActivity$ViewState() -> a
com.pavkoo.franklin.MainActivity$7 -> com.pavkoo.franklin.l:
    com.pavkoo.franklin.MainActivity this$0 -> a
    void onLayoutChange(android.view.View,int,int,int,int,int,int,int,int) -> onLayoutChange
...
android.support.v4.app.BackStackRecord -> android.support.v4.app.b:
    android.support.v4.app.FragmentManagerImpl mManager -> a
    android.support.v4.app.BackStackRecord$Op mHead -> b
    android.support.v4.app.BackStackRecord$Op mTail -> c
    int mNumOp -> d
    int mEnterAnim -> e
    int mExitAnim -> f
    int mPopEnterAnim -> g
    int mPopExitAnim -> h
    int mTransition -> i
    int mTransitionStyle -> j
    boolean mAddToBackStack -> k
    boolean mAllowAddToBackStack -> l
    java.lang.String mName -> m
    boolean mCommitted -> n
    int mIndex -> o
    int mBreadCrumbTitleRes -> p
    java.lang.CharSequence mBreadCrumbTitleText -> q
    int mBreadCrumbShortTitleRes -> r
    java.lang.CharSequence mBreadCrumbShortTitleText -> s
    java.lang.String toString() -> toString
    void dump(java.lang.String,java.io.FileDescriptor,java.io.PrintWriter,java.lang.String[]) -> a
    void dump(java.lang.String,java.io.PrintWriter,boolean) -> a
    void addOp(android.support.v4.app.BackStackRecord$Op) -> a
    android.support.v4.app.FragmentTransaction add(int,android.support.v4.app.Fragment,java.lang.String) -> a
    void doAddOp(int,android.support.v4.app.Fragment,java.lang.String,int) -> a
    android.support.v4.app.FragmentTransaction replace(int,android.support.v4.app.Fragment) -> a
    android.support.v4.app.FragmentTransaction replace(int,android.support.v4.app.Fragment,java.lang.String) -> b
android.support.v4.app.BackStackRecord$Op -> android.support.v4.app.c:
    android.support.v4.app.BackStackRecord$Op next -> a
    android.support.v4.app.BackStackRecord$Op prev -> b
    int cmd -> c
    android.support.v4.app.Fragment fragment -> d
    int enterAnim -> e
    int exitAnim -> f
    int popEnterAnim -> g
    int popExitAnim -> h
    java.util.ArrayList removed -> i
android.support.v4.app.BackStackState -> android.support.v4.app.BackStackState:
    int[] mOps -> a
    int mTransition -> b
    int mTransitionStyle -> c
    java.lang.String mName -> d
    int mIndex -> e
    int mBreadCrumbTitleRes -> f
    java.lang.CharSequence mBreadCrumbTitleText -> g
    int mBreadCrumbShortTitleRes -> h
    java.lang.CharSequence mBreadCrumbShortTitleText -> i
    android.os.Parcelable$Creator CREATOR -> CREATOR
    android.support.v4.app.BackStackRecord instantiate(android.support.v4.app.FragmentManagerImpl) -> a
    int describeContents() -> describeContents
    void writeToParcel(android.os.Parcel,int) -> writeToParcel
android.support.v4.app.BackStackState$1 -> android.support.v4.app.d:
    android.support.v4.app.BackStackState createFromParcel(android.os.Parcel) -> a
    android.support.v4.app.BackStackState[] newArray(int) -> a
    java.lang.Object[] newArray(int) -> newArray
    java.lang.Object createFromParcel(android.os.Parcel) -> createFromParcel