proguard/usage.txt
com.pavkoo.franklin.BuildConfig
com.pavkoo.franklin.R
com.pavkoo.franklin.R$anim
com.pavkoo.franklin.R$attr
com.pavkoo.franklin.R$color
com.pavkoo.franklin.R$dimen
com.pavkoo.franklin.R$drawable
com.pavkoo.franklin.R$id
com.pavkoo.franklin.R$layout
com.pavkoo.franklin.R$string
com.pavkoo.franklin.R$style
com.pavkoo.franklin.R$styleable
com.pavkoo.franklin.SettingActivity$FragmentFactory:
    160:160:public SettingActivity$FragmentFactory()
com.pavkoo.franklin.common.ApplicationConfig:
    55:55:public java.util.Date getLastUse()
com.pavkoo.franklin.common.Comment:
    private static final long serialVersionUID
com.pavkoo.franklin.common.CommonConst:
    3:3:public CommonConst()
com.pavkoo.franklin.common.FranklinApplication:
    42:42:public com.pavkoo.franklin.common.SharePreferenceService getmPreference()
    46:46:public static com.pavkoo.franklin.common.FranklinApplication getInstance()
    50:50:public com.pavkoo.franklin.common.SharePreferenceService getPreference()
com.pavkoo.franklin.common.Moral:
    private static final long serialVersionUID
    35:36:private void clearTodayComment()
    132:137:public void setTodaySelected(com.pavkoo.franklin.common.CheckState)
com.pavkoo.franklin.common.UtilsClass:
    19:19:public UtilsClass()
com.pavkoo.franklin.controls.BlemishReport:
    private static final int ColTitleSpace
    private static final int RowTitleSpace
com.pavkoo.franklin.controls.BlemishReportTotalDialog:
    28:28:public java.util.List getMorals()
com.pavkoo.franklin.controls.BlemishReportTrendDialog:
    28:28:public java.util.List getMorals()
com.pavkoo.franklin.controls.CommentAdapter:
    25:25:public java.util.List getComments()
com.pavkoo.franklin.controls.CyclePager:
    private static final int SNAP_VELOCITY
    private static final int TOUCH_STATE_REST
    private static final int TOUCH_STATE_MOVING
    private static final int TOUCH_STATE_SLOWING
    private static final int TOUCH_SLOP
com.pavkoo.franklin.controls.Flipper:
    private static final int SNAP_VELOCITY
    private static final int TOUCH_STATE_REST
    private static final int TOUCH_STATE_MOVING
    private static final int TOUCH_STATE_SLOWING
    private static final java.lang.String nomore
    private static final int TOUCH_SLOP
    private static final int GROWTEXTNUMBER
    78:78:public boolean isMoved()
com.pavkoo.franklin.controls.SettingSystemHelpDialog:
    32:32:public boolean isCanClose()
    36:37:public void setCanClose(boolean)
com.pavkoo.franklin.controls.SettingSystemRestartDialog:
    21:21:public com.pavkoo.franklin.controls.SettingSystemRestartDialog$ViewState getVs()
    29:29:public com.pavkoo.franklin.controls.IDialogOKCallBack getOnOKCallBack()
com.pavkoo.franklin.controls.Today$ArcDrawable:
    243:245:public Today$ArcDrawable(android.content.Context,android.util.AttributeSet)
    334:334:public java.util.List getHistoryCheckList()
com.pavkoo.franklin.controls.TotalAdapter:
    26:26:public java.util.List getMorals()
com.pavkoo.franklin.controls.TrendAdapter:
    24:24:public java.util.List getMorals()
...
android.support.v4.view.KeyEventCompatEclair:
    23:23:KeyEventCompatEclair()
    25:25:public static java.lang.Object getKeyDispatcherState(android.view.View)
    30:30:public static boolean dispatch(android.view.KeyEvent,android.view.KeyEvent$Callback,java.lang.Object,java.lang.Object)
    38:38:public static boolean isTracking(android.view.KeyEvent)
android.support.v4.view.KeyEventCompatHoneycomb:
    24:24:KeyEventCompatHoneycomb()
android.support.v4.view.MarginLayoutParamsCompat
android.support.v4.view.MarginLayoutParamsCompat$MarginLayoutParamsCompatImpl
android.support.v4.view.MarginLayoutParamsCompat$MarginLayoutParamsCompatImplBase
android.support.v4.view.MarginLayoutParamsCompat$MarginLayoutParamsCompatImplJbMr1
android.support.v4.view.MarginLayoutParamsCompatJellybeanMr1
android.support.v4.view.MenuCompat
android.support.v4.view.MenuItemCompat
android.support.v4.view.MenuItemCompat$BaseMenuVersionImpl
android.support.v4.view.MenuItemCompat$HoneycombMenuVersionImpl
android.support.v4.view.MenuItemCompat$IcsMenuVersionImpl
android.support.v4.view.MenuItemCompat$IcsMenuVersionImpl$1
android.support.v4.view.MenuItemCompat$MenuVersionImpl
android.support.v4.view.MenuItemCompat$OnActionExpandListener
android.support.v4.view.MenuItemCompatHoneycomb
android.support.v4.view.MenuItemCompatIcs
android.support.v4.view.MenuItemCompatIcs$OnActionExpandListenerWrapper
android.support.v4.view.MenuItemCompatIcs$SupportActionExpandProxy
android.support.v4.view.MotionEventCompat:
    public static final int ACTION_MASK
    public static final int ACTION_POINTER_DOWN
    public static final int ACTION_POINTER_UP
    public static final int ACTION_HOVER_MOVE
    public static final int ACTION_SCROLL
    public static final int ACTION_POINTER_INDEX_MASK
    public static final int ACTION_POINTER_INDEX_SHIFT
    public static final int ACTION_HOVER_ENTER
    public static final int ACTION_HOVER_EXIT
    25:80:public MotionEventCompat()
android.support.v4.view.MotionEventCompatEclair:
    24:24:MotionEventCompatEclair()
android.support.v4.view.PagerAdapter:
    public static final int POSITION_UNCHANGED
    public static final int POSITION_NONE
    78:79:public PagerAdapter()
    276:277:public void notifyDataSetChanged()
    307:307:public java.lang.CharSequence getPageTitle(int)
android.support.v4.view.PagerTabStrip
android.support.v4.view.PagerTabStrip$1
android.support.v4.view.PagerTabStrip$2
android.support.v4.view.PagerTitleStrip
android.support.v4.view.PagerTitleStrip$1
android.support.v4.view.PagerTitleStrip$PageListener
android.support.v4.view.PagerTitleStrip$PagerTitleStripImpl
android.support.v4.view.PagerTitleStrip$PagerTitleStripImplBase
android.support.v4.view.PagerTitleStrip$PagerTitleStripImplIcs
android.support.v4.view.PagerTitleStripIcs
android.support.v4.view.PagerTitleStripIcs$SingleLineAllCapsTransform
android.support.v4.view.ScaleGestureDetectorCompat
android.support.v4.view.ScaleGestureDetectorCompat$1
android.support.v4.view.ScaleGestureDetectorCompat$BaseScaleGestureDetectorImpl
android.support.v4.view.ScaleGestureDetectorCompat$ScaleGestureDetectorCompatKitKatImpl
android.support.v4.view.ScaleGestureDetectorCompat$ScaleGestureDetectorImpl
android.support.v4.view.ScaleGestureDetectorCompatKitKat
android.support.v4.view.VelocityTrackerCompat:
    25:51:public VelocityTrackerCompat()
android.support.v4.view.VelocityTrackerCompatHoneycomb:
    24:24:VelocityTrackerCompatHoneycomb()